<?xml version="1.0" encoding="UTF-8"?>
<!-- Generated by org.testng.reporters.JUnitReportReporter -->
<testsuite hostname="LAPTOP-KM3TDHKQ" failures="0" tests="1" name="Test.PinPageTest" time="28.214" errors="0" timestamp="2022-06-10T15:22:52 IST" skipped="0">
  <testcase classname="Test.PinPageTest" name="loginToZerodhawithPinTest" time="28.214"/>
  <system-out/>
</testsuite> <!-- Test.PinPageTest -->
