<?xml version="1.0" encoding="UTF-8"?>
<!-- Generated by org.testng.reporters.JUnitReportReporter -->
<testsuite hostname="LAPTOP-KM3TDHKQ" failures="0" tests="1" name="Test.FlipkartTest$instagramTest" time="10.009" errors="0" timestamp="2022-06-17T15:53:18 IST" skipped="0">
  <testcase classname="Test.FlipkartTest$instagramTest" name="LoginWithValidData" time="10.009"/>
  <system-out/>
</testsuite> <!-- Test.FlipkartTest$instagramTest -->
